[NX Daemon Server] - 2024-01-22T03:03:43.225Z - Started listening on: \\.\pipe\nx\C:\Users\User\AppData\Local\Temp\b1751549701faf787aeb\d.sock
[NX Daemon Server] - 2024-01-22T03:03:43.235Z - [WATCHER]: Subscribed to changes within: d:\fsx (native)
[NX Daemon Server] - 2024-01-22T03:03:43.257Z - Established a connection. Number of open connections: 1
[NX Daemon Server] - 2024-01-22T03:03:43.263Z - Closed a connection. Number of open connections: 0
[NX Daemon Server] - 2024-01-22T03:03:43.263Z - Established a connection. Number of open connections: 1
[NX Daemon Server] - 2024-01-22T03:03:43.267Z - [REQUEST]: Client Request for Project Graph Received
[NX Daemon Server] - 2024-01-22T03:03:43.416Z - [REQUEST]: Updated workspace context based on watched changes, recomputing project graph...
[NX Daemon Server] - 2024-01-22T03:03:43.416Z - [REQUEST]: 
[NX Daemon Server] - 2024-01-22T03:03:43.416Z - [REQUEST]: 
[NX Daemon Server] - 2024-01-22T03:03:43.873Z - [REQUEST]: Responding to the client. project-graph
[NX Daemon Server] - 2024-01-22T03:03:43.875Z - Time taken for 'total for creating and serializing project graph' 605.0577999353409ms
node:internal/process/promises:288
            triggerUncaughtException(err, true /* fromPromise */);
            ^

[Error: multiple: [Read { file: "d:\\fsx\\.gitignore", err: Error { kind: InvalidData, message: "stream did not contain valid UTF-8" } }]] {
  code: 'GenericFailure'
}

Node.js v18.15.0
[NX Daemon Server] - 2024-01-22T03:20:59.834Z - Started listening on: \\.\pipe\nx\C:\Users\User\AppData\Local\Temp\b1751549701faf787aeb\d.sock
[NX Daemon Server] - 2024-01-22T03:20:59.843Z - [WATCHER]: Subscribed to changes within: d:\fsx (native)
[NX Daemon Server] - 2024-01-22T03:20:59.851Z - Established a connection. Number of open connections: 1
[NX Daemon Server] - 2024-01-22T03:20:59.859Z - Closed a connection. Number of open connections: 0
[NX Daemon Server] - 2024-01-22T03:20:59.863Z - Established a connection. Number of open connections: 1
[NX Daemon Server] - 2024-01-22T03:20:59.871Z - [REQUEST]: Client Request for Project Graph Received
[NX Daemon Server] - 2024-01-22T03:20:59.955Z - [REQUEST]: Updated workspace context based on watched changes, recomputing project graph...
[NX Daemon Server] - 2024-01-22T03:20:59.955Z - [REQUEST]: 
[NX Daemon Server] - 2024-01-22T03:20:59.955Z - [REQUEST]: 
[NX Daemon Server] - 2024-01-22T03:21:01.396Z - [REQUEST]: Responding to the client. project-graph
[NX Daemon Server] - 2024-01-22T03:21:01.399Z - Time taken for 'total for creating and serializing project graph' 1524.3465000391006ms
[NX Daemon Server] - 2024-01-22T03:21:01.400Z - Done responding to the client project-graph
[NX Daemon Server] - 2024-01-22T03:21:01.400Z - Handled REQUEST_PROJECT_GRAPH. Handling time: 1524. Response time: 5.
[NX Daemon Server] - 2024-01-22T03:21:01.429Z - Established a connection. Number of open connections: 2
[NX Daemon Server] - 2024-01-22T03:21:01.429Z - Established a connection. Number of open connections: 3
[NX Daemon Server] - 2024-01-22T03:21:01.430Z - Closed a connection. Number of open connections: 2
[NX Daemon Server] - 2024-01-22T03:21:01.430Z - Closed a connection. Number of open connections: 1
[NX Daemon Server] - 2024-01-22T03:21:01.436Z - [REQUEST]: Responding to the client. handleRequestFileData
[NX Daemon Server] - 2024-01-22T03:21:01.437Z - Done responding to the client handleRequestFileData
[NX Daemon Server] - 2024-01-22T03:21:01.437Z - Handled REQUEST_FILE_DATA. Handling time: 3. Response time: 1.
node:internal/process/promises:288
            triggerUncaughtException(err, true /* fromPromise */);
            ^

[Error: multiple: [Read { file: "d:\\fsx\\.gitignore", err: Error { kind: InvalidData, message: "stream did not contain valid UTF-8" } }]] {
  code: 'GenericFailure'
}

Node.js v18.15.0
[NX Daemon Server] - 2024-01-22T03:27:29.279Z - Started listening on: \\.\pipe\nx\C:\Users\User\AppData\Local\Temp\b1751549701faf787aeb\d.sock
[NX Daemon Server] - 2024-01-22T03:27:29.289Z - [WATCHER]: Subscribed to changes within: D:\fsx (native)
[NX Daemon Server] - 2024-01-22T03:27:29.294Z - Established a connection. Number of open connections: 1
[NX Daemon Server] - 2024-01-22T03:27:29.299Z - Closed a connection. Number of open connections: 0
[NX Daemon Server] - 2024-01-22T03:27:29.300Z - Established a connection. Number of open connections: 1
[NX Daemon Server] - 2024-01-22T03:27:29.303Z - [REQUEST]: Client Request for Project Graph Received
[NX Daemon Server] - 2024-01-22T03:27:29.313Z - [REQUEST]: Updated workspace context based on watched changes, recomputing project graph...
[NX Daemon Server] - 2024-01-22T03:27:29.313Z - [REQUEST]: 
[NX Daemon Server] - 2024-01-22T03:27:29.313Z - [REQUEST]: 
[NX Daemon Server] - 2024-01-22T03:27:29.453Z - [REQUEST]: Responding to the client. project-graph
[NX Daemon Server] - 2024-01-22T03:27:29.456Z - Time taken for 'total for creating and serializing project graph' 149.99699997901917ms
[NX Daemon Server] - 2024-01-22T03:27:29.459Z - Done responding to the client project-graph
[NX Daemon Server] - 2024-01-22T03:27:29.459Z - Handled REQUEST_PROJECT_GRAPH. Handling time: 150. Response time: 6.
[NX Daemon Server] - 2024-01-22T03:27:29.586Z - Closed a connection. Number of open connections: 0
node:internal/process/promises:289
            triggerUncaughtException(err, true /* fromPromise */);
            ^

[Error: multiple: [Read { file: "D:\\fsx\\.gitignore", err: Error { kind: InvalidData, message: "stream did not contain valid UTF-8" } }]] {
  code: 'GenericFailure'
}

Node.js v20.10.0
[NX Daemon Server] - 2024-01-22T03:37:45.437Z - Started listening on: \\.\pipe\nx\C:\Users\User\AppData\Local\Temp\b1751549701faf787aeb\d.sock
[NX Daemon Server] - 2024-01-22T03:37:45.443Z - [WATCHER]: Subscribed to changes within: d:\fsx (native)
[NX Daemon Server] - 2024-01-22T03:37:45.446Z - Established a connection. Number of open connections: 1
[NX Daemon Server] - 2024-01-22T03:37:45.450Z - Established a connection. Number of open connections: 2
[NX Daemon Server] - 2024-01-22T03:37:45.455Z - Closed a connection. Number of open connections: 1
[NX Daemon Server] - 2024-01-22T03:37:45.458Z - [REQUEST]: Client Request for Project Graph Received
[NX Daemon Server] - 2024-01-22T03:37:45.499Z - [REQUEST]: Updated workspace context based on watched changes, recomputing project graph...
[NX Daemon Server] - 2024-01-22T03:37:45.499Z - [REQUEST]: 
[NX Daemon Server] - 2024-01-22T03:37:45.499Z - [REQUEST]: 
[NX Daemon Server] - 2024-01-22T03:37:45.649Z - [REQUEST]: Responding to the client. project-graph
[NX Daemon Server] - 2024-01-22T03:37:45.650Z - Time taken for 'total for creating and serializing project graph' 190.39859998226166ms
[NX Daemon Server] - 2024-01-22T03:37:45.651Z - Done responding to the client project-graph
[NX Daemon Server] - 2024-01-22T03:37:45.652Z - Handled REQUEST_PROJECT_GRAPH. Handling time: 190. Response time: 4.
[NX Daemon Server] - 2024-01-22T03:37:45.653Z - Closed a connection. Number of open connections: 0
[NX Daemon Server] - 2024-01-22T03:37:45.654Z - Established a connection. Number of open connections: 1
[NX Daemon Server] - 2024-01-22T03:37:45.655Z - Closed a connection. Number of open connections: 0
[NX Daemon Server] - 2024-01-22T03:37:45.655Z - Established a connection. Number of open connections: 1
[NX Daemon Server] - 2024-01-22T03:37:45.660Z - [REQUEST]: Responding to the client. handleRequestFileData
[NX Daemon Server] - 2024-01-22T03:37:45.663Z - Done responding to the client handleRequestFileData
[NX Daemon Server] - 2024-01-22T03:37:45.663Z - Handled REQUEST_FILE_DATA. Handling time: 3. Response time: 3.
[NX Daemon Server] - 2024-01-22T03:37:48.579Z - Established a connection. Number of open connections: 2
[NX Daemon Server] - 2024-01-22T03:37:48.581Z - Closed a connection. Number of open connections: 1
[NX Daemon Server] - 2024-01-22T03:37:48.585Z - Established a connection. Number of open connections: 2
[NX Daemon Server] - 2024-01-22T03:37:48.596Z - [REQUEST]: Client Request for Project Graph Received
[NX Daemon Server] - 2024-01-22T03:37:48.596Z - [REQUEST]: Responding to the client. project-graph
[NX Daemon Server] - 2024-01-22T03:37:48.598Z - Time taken for 'total for creating and serializing project graph' 0.6822000741958618ms
[NX Daemon Server] - 2024-01-22T03:37:48.598Z - Done responding to the client project-graph
[NX Daemon Server] - 2024-01-22T03:37:48.598Z - Handled REQUEST_PROJECT_GRAPH. Handling time: 0. Response time: 2.
[NX Daemon Server] - 2024-01-22T03:37:48.646Z - [REQUEST]: Client Request for Project Graph Received
[NX Daemon Server] - 2024-01-22T03:37:48.647Z - [REQUEST]: Responding to the client. project-graph
[NX Daemon Server] - 2024-01-22T03:37:48.648Z - Time taken for 'total for creating and serializing project graph' 0.5250999927520752ms
[NX Daemon Server] - 2024-01-22T03:37:48.648Z - Done responding to the client project-graph
[NX Daemon Server] - 2024-01-22T03:37:48.648Z - Handled REQUEST_PROJECT_GRAPH. Handling time: 1. Response time: 1.
[NX Daemon Server] - 2024-01-22T03:37:48.659Z - [REQUEST]: Client Request for Project Graph Received
[NX Daemon Server] - 2024-01-22T03:37:48.660Z - [REQUEST]: Responding to the client. project-graph
[NX Daemon Server] - 2024-01-22T03:37:48.661Z - Time taken for 'total for creating and serializing project graph' 0.4706000089645386ms
[NX Daemon Server] - 2024-01-22T03:37:48.661Z - Done responding to the client project-graph
[NX Daemon Server] - 2024-01-22T03:37:48.662Z - Handled REQUEST_PROJECT_GRAPH. Handling time: 1. Response time: 2.
[NX Daemon Server] - 2024-01-22T03:37:48.683Z - [REQUEST]: Responding to the client. handleRequestFileData
[NX Daemon Server] - 2024-01-22T03:37:48.684Z - Done responding to the client handleRequestFileData
[NX Daemon Server] - 2024-01-22T03:37:48.684Z - Handled REQUEST_FILE_DATA. Handling time: 3. Response time: 1.
[NX Daemon Server] - 2024-01-22T03:37:48.704Z - Closed a connection. Number of open connections: 1
node:internal/process/promises:288
            triggerUncaughtException(err, true /* fromPromise */);
            ^

[Error: multiple: [Read { file: "d:\\fsx\\.gitignore", err: Error { kind: InvalidData, message: "stream did not contain valid UTF-8" } }]] {
  code: 'GenericFailure'
}

Node.js v18.15.0
[NX Daemon Server] - 2024-01-22T03:49:35.673Z - Started listening on: \\.\pipe\nx\C:\Users\User\AppData\Local\Temp\b1751549701faf787aeb\d.sock
[NX Daemon Server] - 2024-01-22T03:49:35.677Z - [WATCHER]: Subscribed to changes within: d:\fsx (native)
[NX Daemon Server] - 2024-01-22T03:49:35.682Z - Established a connection. Number of open connections: 1
[NX Daemon Server] - 2024-01-22T03:49:35.687Z - Closed a connection. Number of open connections: 0
[NX Daemon Server] - 2024-01-22T03:49:35.688Z - Established a connection. Number of open connections: 1
[NX Daemon Server] - 2024-01-22T03:49:35.690Z - [REQUEST]: Client Request for Project Graph Received
[NX Daemon Server] - 2024-01-22T03:49:35.701Z - [REQUEST]: Updated workspace context based on watched changes, recomputing project graph...
[NX Daemon Server] - 2024-01-22T03:49:35.701Z - [REQUEST]: 
[NX Daemon Server] - 2024-01-22T03:49:35.702Z - [REQUEST]: 
[NX Daemon Server] - 2024-01-22T03:49:35.799Z - [REQUEST]: Responding to the client. project-graph
[NX Daemon Server] - 2024-01-22T03:49:35.800Z - Time taken for 'total for creating and serializing project graph' 109.14399993419647ms
[NX Daemon Server] - 2024-01-22T03:49:35.801Z - Done responding to the client project-graph
[NX Daemon Server] - 2024-01-22T03:49:35.801Z - Handled REQUEST_PROJECT_GRAPH. Handling time: 110. Response time: 2.
[NX Daemon Server] - 2024-01-22T03:49:35.802Z - Closed a connection. Number of open connections: 0
[NX Daemon Server] - 2024-01-22T03:49:35.803Z - Established a connection. Number of open connections: 1
[NX Daemon Server] - 2024-01-22T03:49:35.804Z - Closed a connection. Number of open connections: 0
[NX Daemon Server] - 2024-01-22T03:49:35.804Z - Established a connection. Number of open connections: 1
[NX Daemon Server] - 2024-01-22T03:49:35.808Z - [REQUEST]: Responding to the client. handleRequestFileData
[NX Daemon Server] - 2024-01-22T03:49:35.810Z - Done responding to the client handleRequestFileData
[NX Daemon Server] - 2024-01-22T03:49:35.810Z - Handled REQUEST_FILE_DATA. Handling time: 2. Response time: 2.
node:internal/process/promises:288
            triggerUncaughtException(err, true /* fromPromise */);
            ^

[Error: multiple: [Read { file: "d:\\fsx\\.gitignore", err: Error { kind: InvalidData, message: "stream did not contain valid UTF-8" } }]] {
  code: 'GenericFailure'
}

Node.js v18.15.0
[NX Daemon Server] - 2024-01-22T03:49:38.111Z - Started listening on: \\.\pipe\nx\C:\Users\User\AppData\Local\Temp\b1751549701faf787aeb\d.sock
[NX Daemon Server] - 2024-01-22T03:49:38.121Z - [WATCHER]: Subscribed to changes within: d:\fsx (native)
[NX Daemon Server] - 2024-01-22T03:49:38.124Z - Established a connection. Number of open connections: 1
[NX Daemon Server] - 2024-01-22T03:49:38.126Z - Established a connection. Number of open connections: 2
[NX Daemon Server] - 2024-01-22T03:49:38.131Z - Closed a connection. Number of open connections: 1
[NX Daemon Server] - 2024-01-22T03:49:38.134Z - [REQUEST]: Client Request for Project Graph Received
[NX Daemon Server] - 2024-01-22T03:49:38.137Z - [REQUEST]: Updated workspace context based on watched changes, recomputing project graph...
[NX Daemon Server] - 2024-01-22T03:49:38.138Z - [REQUEST]: 
[NX Daemon Server] - 2024-01-22T03:49:38.138Z - [REQUEST]: 
[NX Daemon Server] - 2024-01-22T03:49:38.298Z - [REQUEST]: Responding to the client. project-graph
[NX Daemon Server] - 2024-01-22T03:49:38.301Z - Time taken for 'total for creating and serializing project graph' 163.968199968338ms
[NX Daemon Server] - 2024-01-22T03:49:38.303Z - Done responding to the client project-graph
[NX Daemon Server] - 2024-01-22T03:49:38.304Z - Handled REQUEST_PROJECT_GRAPH. Handling time: 165. Response time: 6.
[NX Daemon Server] - 2024-01-22T03:49:38.338Z - [REQUEST]: Client Request for Project Graph Received
[NX Daemon Server] - 2024-01-22T03:49:38.338Z - [REQUEST]: Responding to the client. project-graph
[NX Daemon Server] - 2024-01-22T03:49:38.339Z - Time taken for 'total for creating and serializing project graph' 0.4376000165939331ms
[NX Daemon Server] - 2024-01-22T03:49:38.339Z - Done responding to the client project-graph
[NX Daemon Server] - 2024-01-22T03:49:38.340Z - Handled REQUEST_PROJECT_GRAPH. Handling time: 0. Response time: 2.
[NX Daemon Server] - 2024-01-22T03:49:38.346Z - [REQUEST]: Client Request for Project Graph Received
[NX Daemon Server] - 2024-01-22T03:49:38.346Z - [REQUEST]: Responding to the client. project-graph
[NX Daemon Server] - 2024-01-22T03:49:38.347Z - Time taken for 'total for creating and serializing project graph' 0.38279998302459717ms
[NX Daemon Server] - 2024-01-22T03:49:38.347Z - Done responding to the client project-graph
[NX Daemon Server] - 2024-01-22T03:49:38.347Z - Handled REQUEST_PROJECT_GRAPH. Handling time: 0. Response time: 1.
[NX Daemon Server] - 2024-01-22T03:49:38.359Z - [REQUEST]: Responding to the client. handleRequestFileData
[NX Daemon Server] - 2024-01-22T03:49:38.360Z - Done responding to the client handleRequestFileData
[NX Daemon Server] - 2024-01-22T03:49:38.360Z - Handled REQUEST_FILE_DATA. Handling time: 2. Response time: 1.
[NX Daemon Server] - 2024-01-22T03:49:38.372Z - Closed a connection. Number of open connections: 0
node:internal/process/promises:289
            triggerUncaughtException(err, true /* fromPromise */);
            ^

[Error: multiple: [Read { file: "d:\\fsx\\.gitignore", err: Error { kind: InvalidData, message: "stream did not contain valid UTF-8" } }]] {
  code: 'GenericFailure'
}

Node.js v20.10.0
[NX Daemon Server] - 2024-01-22T03:49:47.274Z - Started listening on: \\.\pipe\nx\C:\Users\User\AppData\Local\Temp\b1751549701faf787aeb\d.sock
[NX Daemon Server] - 2024-01-22T03:49:47.282Z - [WATCHER]: Subscribed to changes within: d:\fsx (native)
[NX Daemon Server] - 2024-01-22T03:49:47.285Z - Established a connection. Number of open connections: 1
[NX Daemon Server] - 2024-01-22T03:49:47.287Z - Established a connection. Number of open connections: 2
[NX Daemon Server] - 2024-01-22T03:49:47.289Z - Closed a connection. Number of open connections: 1
[NX Daemon Server] - 2024-01-22T03:49:47.291Z - [REQUEST]: Client Request for Project Graph Received
[NX Daemon Server] - 2024-01-22T03:49:47.295Z - [REQUEST]: Updated workspace context based on watched changes, recomputing project graph...
[NX Daemon Server] - 2024-01-22T03:49:47.295Z - [REQUEST]: 
[NX Daemon Server] - 2024-01-22T03:49:47.296Z - [REQUEST]: 
[NX Daemon Server] - 2024-01-22T03:49:47.435Z - [REQUEST]: Responding to the client. project-graph
[NX Daemon Server] - 2024-01-22T03:49:47.438Z - Time taken for 'total for creating and serializing project graph' 143.94920003414154ms
[NX Daemon Server] - 2024-01-22T03:49:47.440Z - Done responding to the client project-graph
[NX Daemon Server] - 2024-01-22T03:49:47.440Z - Handled REQUEST_PROJECT_GRAPH. Handling time: 144. Response time: 5.
[NX Daemon Server] - 2024-01-22T03:49:47.469Z - [REQUEST]: Client Request for Project Graph Received
[NX Daemon Server] - 2024-01-22T03:49:47.470Z - [REQUEST]: Responding to the client. project-graph
[NX Daemon Server] - 2024-01-22T03:49:47.471Z - Time taken for 'total for creating and serializing project graph' 0.6446000337600708ms
[NX Daemon Server] - 2024-01-22T03:49:47.471Z - Done responding to the client project-graph
[NX Daemon Server] - 2024-01-22T03:49:47.472Z - Handled REQUEST_PROJECT_GRAPH. Handling time: 1. Response time: 2.
[NX Daemon Server] - 2024-01-22T03:49:47.481Z - [REQUEST]: Client Request for Project Graph Received
[NX Daemon Server] - 2024-01-22T03:49:47.481Z - [REQUEST]: Responding to the client. project-graph
[NX Daemon Server] - 2024-01-22T03:49:47.482Z - Time taken for 'total for creating and serializing project graph' 0.37849998474121094ms
[NX Daemon Server] - 2024-01-22T03:49:47.483Z - Done responding to the client project-graph
[NX Daemon Server] - 2024-01-22T03:49:47.483Z - Handled REQUEST_PROJECT_GRAPH. Handling time: 0. Response time: 2.
[NX Daemon Server] - 2024-01-22T03:49:47.495Z - [REQUEST]: Responding to the client. handleRequestFileData
[NX Daemon Server] - 2024-01-22T03:49:47.495Z - Done responding to the client handleRequestFileData
[NX Daemon Server] - 2024-01-22T03:49:47.495Z - Handled REQUEST_FILE_DATA. Handling time: 2. Response time: 0.
[NX Daemon Server] - 2024-01-22T03:49:47.506Z - Closed a connection. Number of open connections: 0
node:internal/process/promises:289
            triggerUncaughtException(err, true /* fromPromise */);
            ^

[Error: multiple: [Read { file: "d:\\fsx\\.gitignore", err: Error { kind: InvalidData, message: "stream did not contain valid UTF-8" } }]] {
  code: 'GenericFailure'
}

Node.js v20.10.0
[NX Daemon Server] - 2024-01-22T03:49:49.837Z - Started listening on: \\.\pipe\nx\C:\Users\User\AppData\Local\Temp\b1751549701faf787aeb\d.sock
[NX Daemon Server] - 2024-01-22T03:49:49.848Z - [WATCHER]: Subscribed to changes within: d:\fsx (native)
[NX Daemon Server] - 2024-01-22T03:49:49.852Z - Established a connection. Number of open connections: 1
[NX Daemon Server] - 2024-01-22T03:49:49.854Z - Established a connection. Number of open connections: 2
[NX Daemon Server] - 2024-01-22T03:49:49.858Z - Closed a connection. Number of open connections: 1
[NX Daemon Server] - 2024-01-22T03:49:49.862Z - [REQUEST]: Client Request for Project Graph Received
[NX Daemon Server] - 2024-01-22T03:49:49.865Z - [REQUEST]: Updated workspace context based on watched changes, recomputing project graph...
[NX Daemon Server] - 2024-01-22T03:49:49.865Z - [REQUEST]: 
[NX Daemon Server] - 2024-01-22T03:49:49.866Z - [REQUEST]: 
[NX Daemon Server] - 2024-01-22T03:49:50.026Z - [REQUEST]: Responding to the client. project-graph
[NX Daemon Server] - 2024-01-22T03:49:50.029Z - Time taken for 'total for creating and serializing project graph' 164.1521999835968ms
[NX Daemon Server] - 2024-01-22T03:49:50.031Z - Done responding to the client project-graph
[NX Daemon Server] - 2024-01-22T03:49:50.032Z - Handled REQUEST_PROJECT_GRAPH. Handling time: 164. Response time: 6.
[NX Daemon Server] - 2024-01-22T03:49:50.068Z - [REQUEST]: Client Request for Project Graph Received
[NX Daemon Server] - 2024-01-22T03:49:50.069Z - [REQUEST]: Responding to the client. project-graph
[NX Daemon Server] - 2024-01-22T03:49:50.070Z - Time taken for 'total for creating and serializing project graph' 0.6805000305175781ms
[NX Daemon Server] - 2024-01-22T03:49:50.070Z - Done responding to the client project-graph
[NX Daemon Server] - 2024-01-22T03:49:50.071Z - Handled REQUEST_PROJECT_GRAPH. Handling time: 1. Response time: 2.
[NX Daemon Server] - 2024-01-22T03:49:50.080Z - [REQUEST]: Client Request for Project Graph Received
[NX Daemon Server] - 2024-01-22T03:49:50.080Z - [REQUEST]: Responding to the client. project-graph
[NX Daemon Server] - 2024-01-22T03:49:50.081Z - Time taken for 'total for creating and serializing project graph' 0.3939000368118286ms
[NX Daemon Server] - 2024-01-22T03:49:50.081Z - Done responding to the client project-graph
[NX Daemon Server] - 2024-01-22T03:49:50.081Z - Handled REQUEST_PROJECT_GRAPH. Handling time: 0. Response time: 1.
[NX Daemon Server] - 2024-01-22T03:49:50.096Z - [REQUEST]: Responding to the client. handleRequestFileData
[NX Daemon Server] - 2024-01-22T03:49:50.097Z - Done responding to the client handleRequestFileData
[NX Daemon Server] - 2024-01-22T03:49:50.097Z - Handled REQUEST_FILE_DATA. Handling time: 2. Response time: 1.
[NX Daemon Server] - 2024-01-22T03:49:50.108Z - Closed a connection. Number of open connections: 0
node:internal/process/promises:289
            triggerUncaughtException(err, true /* fromPromise */);
            ^

[Error: multiple: [Read { file: "d:\\fsx\\.gitignore", err: Error { kind: InvalidData, message: "stream did not contain valid UTF-8" } }]] {
  code: 'GenericFailure'
}

Node.js v20.10.0
[NX Daemon Server] - 2024-01-22T03:52:22.294Z - Started listening on: \\.\pipe\nx\C:\Users\User\AppData\Local\Temp\b1751549701faf787aeb\d.sock
[NX Daemon Server] - 2024-01-22T03:52:22.299Z - [WATCHER]: Subscribed to changes within: D:\fsx (native)
[NX Daemon Server] - 2024-01-22T03:52:22.305Z - Established a connection. Number of open connections: 1
[NX Daemon Server] - 2024-01-22T03:52:22.312Z - Closed a connection. Number of open connections: 0
[NX Daemon Server] - 2024-01-22T03:52:22.313Z - Established a connection. Number of open connections: 1
[NX Daemon Server] - 2024-01-22T03:52:22.316Z - [REQUEST]: Client Request for Project Graph Received
[NX Daemon Server] - 2024-01-22T03:52:22.323Z - [REQUEST]: Updated workspace context based on watched changes, recomputing project graph...
[NX Daemon Server] - 2024-01-22T03:52:22.323Z - [REQUEST]: 
[NX Daemon Server] - 2024-01-22T03:52:22.323Z - [REQUEST]: 
[NX Daemon Server] - 2024-01-22T03:52:22.988Z - [REQUEST]: Responding to the client. project-graph
[NX Daemon Server] - 2024-01-22T03:52:22.991Z - Time taken for 'total for creating and serializing project graph' 671.3415999412537ms
[NX Daemon Server] - 2024-01-22T03:52:22.993Z - Done responding to the client project-graph
[NX Daemon Server] - 2024-01-22T03:52:22.994Z - Handled REQUEST_PROJECT_GRAPH. Handling time: 671. Response time: 7.
node:internal/process/promises:289
            triggerUncaughtException(err, true /* fromPromise */);
            ^

[Error: multiple: [Read { file: "D:\\fsx\\.gitignore", err: Error { kind: InvalidData, message: "stream did not contain valid UTF-8" } }]] {
  code: 'GenericFailure'
}

Node.js v20.10.0
[NX Daemon Server] - 2024-01-22T03:57:36.985Z - Started listening on: \\.\pipe\nx\C:\Users\User\AppData\Local\Temp\b1751549701faf787aeb\d.sock
[NX Daemon Server] - 2024-01-22T03:57:36.995Z - [WATCHER]: Subscribed to changes within: D:\fsx (native)
[NX Daemon Server] - 2024-01-22T03:57:36.998Z - Established a connection. Number of open connections: 1
[NX Daemon Server] - 2024-01-22T03:57:37.002Z - Established a connection. Number of open connections: 2
[NX Daemon Server] - 2024-01-22T03:57:37.007Z - Closed a connection. Number of open connections: 1
[NX Daemon Server] - 2024-01-22T03:57:37.010Z - [REQUEST]: Client Request for Project Graph Received
[NX Daemon Server] - 2024-01-22T03:57:37.045Z - [REQUEST]: Updated workspace context based on watched changes, recomputing project graph...
[NX Daemon Server] - 2024-01-22T03:57:37.045Z - [REQUEST]: 
[NX Daemon Server] - 2024-01-22T03:57:37.045Z - [REQUEST]: 
[NX Daemon Server] - 2024-01-22T03:57:37.854Z - [REQUEST]: Responding to the client. project-graph
[NX Daemon Server] - 2024-01-22T03:57:37.856Z - Time taken for 'total for creating and serializing project graph' 843.038300037384ms
[NX Daemon Server] - 2024-01-22T03:57:37.857Z - Done responding to the client project-graph
[NX Daemon Server] - 2024-01-22T03:57:37.857Z - Handled REQUEST_PROJECT_GRAPH. Handling time: 843. Response time: 4.
[NX Daemon Server] - 2024-01-22T03:57:39.064Z - [WATCHER]: Processing file changes in outputs
[NX Daemon Server] - 2024-01-22T03:57:39.068Z - [WATCHER]: 0 file(s) created or restored, 2 file(s) modified, 0 file(s) deleted
[NX Daemon Server] - 2024-01-22T03:57:39.174Z - [REQUEST]: Updated workspace context based on watched changes, recomputing project graph...
[NX Daemon Server] - 2024-01-22T03:57:39.175Z - [REQUEST]: nx.json,package.json
[NX Daemon Server] - 2024-01-22T03:57:39.175Z - [REQUEST]: 
[NX Daemon Server] - 2024-01-22T03:57:39.273Z - Time taken for 'hash changed files from watcher' 2.5705000162124634ms
[NX Daemon Server] - 2024-01-22T03:58:09.951Z - [WATCHER]: Processing file changes in outputs
[NX Daemon Server] - 2024-01-22T03:58:09.952Z - [WATCHER]: Stopping the watcher for D:\fsx (sources)
[NX Daemon Server] - 2024-01-22T03:58:09.952Z - [WATCHER]: Stopping the watcher for D:\fsx (outputs)
[NX Daemon Server] - 2024-01-22T03:58:09.952Z - Server stopped because: "Lock file changed"
[NX Daemon Server] - 2024-01-22T04:01:29.933Z - Started listening on: \\.\pipe\nx\C:\Users\User\AppData\Local\Temp\b1751549701faf787aeb\d.sock
[NX Daemon Server] - 2024-01-22T04:01:29.945Z - [WATCHER]: Subscribed to changes within: D:\fsx (native)
[NX Daemon Server] - 2024-01-22T04:01:29.949Z - Established a connection. Number of open connections: 1
[NX Daemon Server] - 2024-01-22T04:01:29.954Z - Established a connection. Number of open connections: 2
[NX Daemon Server] - 2024-01-22T04:01:29.961Z - Closed a connection. Number of open connections: 1
[NX Daemon Server] - 2024-01-22T04:01:29.965Z - [REQUEST]: Client Request for Project Graph Received
[NX Daemon Server] - 2024-01-22T04:01:30.039Z - [REQUEST]: Updated workspace context based on watched changes, recomputing project graph...
[NX Daemon Server] - 2024-01-22T04:01:30.039Z - [REQUEST]: 
[NX Daemon Server] - 2024-01-22T04:01:30.039Z - [REQUEST]: 
[NX Daemon Server] - 2024-01-22T04:01:31.372Z - [REQUEST]: Responding to the client. project-graph
[NX Daemon Server] - 2024-01-22T04:01:31.376Z - Time taken for 'total for creating and serializing project graph' 1407.023500084877ms
[NX Daemon Server] - 2024-01-22T04:01:31.376Z - Done responding to the client project-graph
[NX Daemon Server] - 2024-01-22T04:01:31.377Z - Handled REQUEST_PROJECT_GRAPH. Handling time: 1408. Response time: 5.
[NX Daemon Server] - 2024-01-22T04:01:34.317Z - [WATCHER]: .config/dotnet-tools.json was created or restored
[NX Daemon Server] - 2024-01-22T04:01:34.319Z - [WATCHER]: Processing file changes in outputs
[NX Daemon Server] - 2024-01-22T04:01:34.380Z - Closed a connection. Number of open connections: 0
[NX Daemon Server] - 2024-01-22T04:01:34.423Z - [WATCHER]: 2 file(s) created or restored, 2 file(s) modified, 0 file(s) deleted
[NX Daemon Server] - 2024-01-22T04:01:34.433Z - [REQUEST]: Updated workspace context based on watched changes, recomputing project graph...
[NX Daemon Server] - 2024-01-22T04:01:34.434Z - [REQUEST]: .config/dotnet-tools.json,Directory.Build.targets,Directory.Build.props,package.json,nx.json
[NX Daemon Server] - 2024-01-22T04:01:34.434Z - [REQUEST]: 
[NX Daemon Server] - 2024-01-22T04:01:35.401Z - [WATCHER]: Processing file changes in outputs
[NX Daemon Server] - 2024-01-22T04:01:35.401Z - Time taken for 'hash changed files from watcher' 7.235599994659424ms
[NX Daemon Server] - 2024-01-22T04:03:21.677Z - Established a connection. Number of open connections: 1
[NX Daemon Server] - 2024-01-22T04:03:21.678Z - Closed a connection. Number of open connections: 0
[NX Daemon Server] - 2024-01-22T04:03:21.680Z - Established a connection. Number of open connections: 1
[NX Daemon Server] - 2024-01-22T04:03:21.683Z - [REQUEST]: Client Request for Project Graph Received
[NX Daemon Server] - 2024-01-22T04:03:21.683Z - [REQUEST]: Responding to the client. project-graph
[NX Daemon Server] - 2024-01-22T04:03:21.685Z - Time taken for 'total for creating and serializing project graph' 0.3694000244140625ms
[NX Daemon Server] - 2024-01-22T04:03:21.685Z - Done responding to the client project-graph
[NX Daemon Server] - 2024-01-22T04:03:21.685Z - Handled REQUEST_PROJECT_GRAPH. Handling time: 0. Response time: 2.
[NX Daemon Server] - 2024-01-22T04:03:21.800Z - Closed a connection. Number of open connections: 0
[NX Daemon Server] - 2024-01-22T04:03:35.842Z - Established a connection. Number of open connections: 1
[NX Daemon Server] - 2024-01-22T04:03:35.843Z - Closed a connection. Number of open connections: 0
[NX Daemon Server] - 2024-01-22T04:03:35.844Z - Established a connection. Number of open connections: 1
[NX Daemon Server] - 2024-01-22T04:03:35.848Z - [REQUEST]: Client Request for Project Graph Received
[NX Daemon Server] - 2024-01-22T04:03:35.848Z - [REQUEST]: Responding to the client. project-graph
[NX Daemon Server] - 2024-01-22T04:03:35.850Z - Time taken for 'total for creating and serializing project graph' 0.2807999849319458ms
[NX Daemon Server] - 2024-01-22T04:03:35.850Z - Done responding to the client project-graph
[NX Daemon Server] - 2024-01-22T04:03:35.850Z - Handled REQUEST_PROJECT_GRAPH. Handling time: 0. Response time: 2.
[NX Daemon Server] - 2024-01-22T04:03:35.942Z - Closed a connection. Number of open connections: 0
[NX Daemon Server] - 2024-01-22T04:04:37.165Z - [WATCHER]: Processing file changes in outputs
[NX Daemon Server] - 2024-01-22T04:04:37.167Z - [WATCHER]: package.json was modified
[NX Daemon Server] - 2024-01-22T04:04:37.275Z - [REQUEST]: Updated workspace context based on watched changes, recomputing project graph...
[NX Daemon Server] - 2024-01-22T04:04:37.276Z - [REQUEST]: package.json
[NX Daemon Server] - 2024-01-22T04:04:37.276Z - [REQUEST]: 
[NX Daemon Server] - 2024-01-22T04:04:37.421Z - Time taken for 'hash changed files from watcher' 2.1191999912261963ms
[NX Daemon Server] - 2024-01-22T04:04:38.295Z - Established a connection. Number of open connections: 1
[NX Daemon Server] - 2024-01-22T04:04:38.296Z - Closed a connection. Number of open connections: 0
[NX Daemon Server] - 2024-01-22T04:04:38.298Z - Established a connection. Number of open connections: 1
[NX Daemon Server] - 2024-01-22T04:04:38.302Z - [REQUEST]: Client Request for Project Graph Received
[NX Daemon Server] - 2024-01-22T04:04:38.302Z - [REQUEST]: Responding to the client. project-graph
[NX Daemon Server] - 2024-01-22T04:04:38.304Z - Time taken for 'total for creating and serializing project graph' 0.45980000495910645ms
[NX Daemon Server] - 2024-01-22T04:04:38.304Z - Done responding to the client project-graph
[NX Daemon Server] - 2024-01-22T04:04:38.304Z - Handled REQUEST_PROJECT_GRAPH. Handling time: 0. Response time: 2.
[NX Daemon Server] - 2024-01-22T04:04:39.490Z - Closed a connection. Number of open connections: 0
[NX Daemon Server] - 2024-01-22T04:04:57.773Z - Established a connection. Number of open connections: 1
[NX Daemon Server] - 2024-01-22T04:04:57.774Z - Closed a connection. Number of open connections: 0
[NX Daemon Server] - 2024-01-22T04:04:57.776Z - Established a connection. Number of open connections: 1
[NX Daemon Server] - 2024-01-22T04:04:57.780Z - [REQUEST]: Client Request for Project Graph Received
[NX Daemon Server] - 2024-01-22T04:04:57.780Z - [REQUEST]: Responding to the client. project-graph
[NX Daemon Server] - 2024-01-22T04:04:57.781Z - Time taken for 'total for creating and serializing project graph' 0.284000039100647ms
[NX Daemon Server] - 2024-01-22T04:04:57.782Z - Done responding to the client project-graph
[NX Daemon Server] - 2024-01-22T04:04:57.782Z - Handled REQUEST_PROJECT_GRAPH. Handling time: 0. Response time: 2.
[NX Daemon Server] - 2024-01-22T04:04:58.883Z - [WATCHER]: Processing file changes in outputs
[NX Daemon Server] - 2024-01-22T04:04:58.884Z - [WATCHER]: package.json was modified
[NX Daemon Server] - 2024-01-22T04:04:58.994Z - [REQUEST]: Updated workspace context based on watched changes, recomputing project graph...
[NX Daemon Server] - 2024-01-22T04:04:58.994Z - [REQUEST]: package.json
[NX Daemon Server] - 2024-01-22T04:04:58.994Z - [REQUEST]: 
[NX Daemon Server] - 2024-01-22T04:04:59.070Z - Time taken for 'hash changed files from watcher' 1.0608000755310059ms
[NX Daemon Server] - 2024-01-22T04:05:00.917Z - Established a connection. Number of open connections: 2
[NX Daemon Server] - 2024-01-22T04:05:00.917Z - Closed a connection. Number of open connections: 1
[NX Daemon Server] - 2024-01-22T04:05:00.919Z - Established a connection. Number of open connections: 2
[NX Daemon Server] - 2024-01-22T04:05:00.922Z - [REQUEST]: Client Request for Project Graph Received
[NX Daemon Server] - 2024-01-22T04:05:00.923Z - [REQUEST]: Responding to the client. project-graph
[NX Daemon Server] - 2024-01-22T04:05:00.924Z - Time taken for 'total for creating and serializing project graph' 0.29499995708465576ms
[NX Daemon Server] - 2024-01-22T04:05:00.924Z - Done responding to the client project-graph
[NX Daemon Server] - 2024-01-22T04:05:00.924Z - Handled REQUEST_PROJECT_GRAPH. Handling time: 1. Response time: 1.
[NX Daemon Server] - 2024-01-22T04:05:01.895Z - Closed a connection. Number of open connections: 1
[NX Daemon Server] - 2024-01-22T04:05:01.954Z - Closed a connection. Number of open connections: 0
[NX Daemon Server] - 2024-01-22T04:06:16.378Z - Established a connection. Number of open connections: 1
[NX Daemon Server] - 2024-01-22T04:06:16.379Z - Closed a connection. Number of open connections: 0
[NX Daemon Server] - 2024-01-22T04:06:16.380Z - Established a connection. Number of open connections: 1
[NX Daemon Server] - 2024-01-22T04:06:16.382Z - [REQUEST]: Client Request for Project Graph Received
[NX Daemon Server] - 2024-01-22T04:06:16.383Z - [REQUEST]: Responding to the client. project-graph
[NX Daemon Server] - 2024-01-22T04:06:16.386Z - Time taken for 'total for creating and serializing project graph' 0.575700044631958ms
[NX Daemon Server] - 2024-01-22T04:06:16.387Z - Done responding to the client project-graph
[NX Daemon Server] - 2024-01-22T04:06:16.387Z - Handled REQUEST_PROJECT_GRAPH. Handling time: 1. Response time: 4.
[NX Daemon Server] - 2024-01-22T04:06:16.406Z - Closed a connection. Number of open connections: 0
[NX Daemon Server] - 2024-01-22T04:06:16.407Z - Established a connection. Number of open connections: 1
[NX Daemon Server] - 2024-01-22T04:06:16.413Z - Closed a connection. Number of open connections: 0
[NX Daemon Server] - 2024-01-22T04:06:16.413Z - Established a connection. Number of open connections: 1
[NX Daemon Server] - 2024-01-22T04:06:16.419Z - [REQUEST]: Responding to the client. handleRequestFileData
[NX Daemon Server] - 2024-01-22T04:06:16.420Z - Done responding to the client handleRequestFileData
[NX Daemon Server] - 2024-01-22T04:06:16.420Z - Handled REQUEST_FILE_DATA. Handling time: 4. Response time: 1.
[NX Daemon Server] - 2024-01-22T04:06:18.497Z - Established a connection. Number of open connections: 2
[NX Daemon Server] - 2024-01-22T04:06:18.498Z - Closed a connection. Number of open connections: 1
[NX Daemon Server] - 2024-01-22T04:06:18.500Z - Established a connection. Number of open connections: 2
[NX Daemon Server] - 2024-01-22T04:06:18.503Z - [REQUEST]: Client Request for Project Graph Received
[NX Daemon Server] - 2024-01-22T04:06:18.504Z - [REQUEST]: Responding to the client. project-graph
[NX Daemon Server] - 2024-01-22T04:06:18.506Z - Time taken for 'total for creating and serializing project graph' 0.45360004901885986ms
[NX Daemon Server] - 2024-01-22T04:06:18.507Z - Done responding to the client project-graph
[NX Daemon Server] - 2024-01-22T04:06:18.507Z - Handled REQUEST_PROJECT_GRAPH. Handling time: 1. Response time: 3.
[NX Daemon Server] - 2024-01-22T04:06:18.578Z - [REQUEST]: Client Request for Project Graph Received
[NX Daemon Server] - 2024-01-22T04:06:18.579Z - [REQUEST]: Responding to the client. project-graph
[NX Daemon Server] - 2024-01-22T04:06:18.582Z - Time taken for 'total for creating and serializing project graph' 0.5677000284194946ms
[NX Daemon Server] - 2024-01-22T04:06:18.583Z - Done responding to the client project-graph
[NX Daemon Server] - 2024-01-22T04:06:18.583Z - Handled REQUEST_PROJECT_GRAPH. Handling time: 1. Response time: 4.
[NX Daemon Server] - 2024-01-22T04:06:18.612Z - [REQUEST]: Client Request for Project Graph Received
[NX Daemon Server] - 2024-01-22T04:06:18.612Z - [REQUEST]: Responding to the client. project-graph
[NX Daemon Server] - 2024-01-22T04:06:18.615Z - Time taken for 'total for creating and serializing project graph' 0.43369996547698975ms
[NX Daemon Server] - 2024-01-22T04:06:18.615Z - Done responding to the client project-graph
[NX Daemon Server] - 2024-01-22T04:06:18.616Z - Handled REQUEST_PROJECT_GRAPH. Handling time: 0. Response time: 4.
[NX Daemon Server] - 2024-01-22T04:06:18.680Z - Closed a connection. Number of open connections: 1
[NX Daemon Server] - 2024-01-22T04:06:20.601Z - Established a connection. Number of open connections: 2
[NX Daemon Server] - 2024-01-22T04:06:20.602Z - Closed a connection. Number of open connections: 1
[NX Daemon Server] - 2024-01-22T04:06:20.604Z - Established a connection. Number of open connections: 2
[NX Daemon Server] - 2024-01-22T04:06:20.608Z - [REQUEST]: Client Request for Project Graph Received
[NX Daemon Server] - 2024-01-22T04:06:20.608Z - [REQUEST]: Responding to the client. project-graph
[NX Daemon Server] - 2024-01-22T04:06:20.610Z - Time taken for 'total for creating and serializing project graph' 0.278499960899353ms
[NX Daemon Server] - 2024-01-22T04:06:20.610Z - Done responding to the client project-graph
[NX Daemon Server] - 2024-01-22T04:06:20.610Z - Handled REQUEST_PROJECT_GRAPH. Handling time: 1. Response time: 2.
[NX Daemon Server] - 2024-01-22T04:06:20.675Z - [REQUEST]: Client Request for Project Graph Received
[NX Daemon Server] - 2024-01-22T04:06:20.676Z - [REQUEST]: Responding to the client. project-graph
[NX Daemon Server] - 2024-01-22T04:06:20.678Z - Time taken for 'total for creating and serializing project graph' 0.4178999662399292ms
[NX Daemon Server] - 2024-01-22T04:06:20.679Z - Done responding to the client project-graph
[NX Daemon Server] - 2024-01-22T04:06:20.679Z - Handled REQUEST_PROJECT_GRAPH. Handling time: 1. Response time: 3.
[NX Daemon Server] - 2024-01-22T04:06:20.705Z - [REQUEST]: Client Request for Project Graph Received
[NX Daemon Server] - 2024-01-22T04:06:20.705Z - [REQUEST]: Responding to the client. project-graph
[NX Daemon Server] - 2024-01-22T04:06:20.707Z - Time taken for 'total for creating and serializing project graph' 0.37199997901916504ms
[NX Daemon Server] - 2024-01-22T04:06:20.707Z - Done responding to the client project-graph
[NX Daemon Server] - 2024-01-22T04:06:20.707Z - Handled REQUEST_PROJECT_GRAPH. Handling time: 0. Response time: 2.
[NX Daemon Server] - 2024-01-22T04:06:20.788Z - Closed a connection. Number of open connections: 1
[NX Daemon Server] - 2024-01-22T04:07:37.376Z - Established a connection. Number of open connections: 2
[NX Daemon Server] - 2024-01-22T04:07:37.377Z - Closed a connection. Number of open connections: 1
[NX Daemon Server] - 2024-01-22T04:07:37.379Z - Established a connection. Number of open connections: 2
[NX Daemon Server] - 2024-01-22T04:07:37.384Z - [REQUEST]: Client Request for Project Graph Received
[NX Daemon Server] - 2024-01-22T04:07:37.384Z - [REQUEST]: Responding to the client. project-graph
[NX Daemon Server] - 2024-01-22T04:07:37.386Z - Time taken for 'total for creating and serializing project graph' 0.33899998664855957ms
[NX Daemon Server] - 2024-01-22T04:07:37.387Z - Done responding to the client project-graph
[NX Daemon Server] - 2024-01-22T04:07:37.387Z - Handled REQUEST_PROJECT_GRAPH. Handling time: 0. Response time: 3.
[NX Daemon Server] - 2024-01-22T04:07:52.150Z - Started listening on: \\.\pipe\nx\C:\Users\User\AppData\Local\Temp\b1751549701faf787aeb\d.sock
[NX Daemon Server] - 2024-01-22T04:07:52.161Z - [WATCHER]: Subscribed to changes within: D:\fsx (native)
[NX Daemon Server] - 2024-01-22T04:07:52.167Z - Established a connection. Number of open connections: 1
[NX Daemon Server] - 2024-01-22T04:07:52.172Z - Established a connection. Number of open connections: 2
[NX Daemon Server] - 2024-01-22T04:07:52.178Z - Closed a connection. Number of open connections: 1
[NX Daemon Server] - 2024-01-22T04:07:52.182Z - [REQUEST]: Client Request for Project Graph Received
[NX Daemon Server] - 2024-01-22T04:07:52.238Z - [REQUEST]: Updated workspace context based on watched changes, recomputing project graph...
[NX Daemon Server] - 2024-01-22T04:07:52.238Z - [REQUEST]: 
[NX Daemon Server] - 2024-01-22T04:07:52.238Z - [REQUEST]: 
[NX Daemon Server] - 2024-01-22T04:07:52.812Z - [REQUEST]: Responding to the client. project-graph
[NX Daemon Server] - 2024-01-22T04:07:52.815Z - Time taken for 'total for creating and serializing project graph' 630.1246999502182ms
[NX Daemon Server] - 2024-01-22T04:07:52.815Z - Done responding to the client project-graph
[NX Daemon Server] - 2024-01-22T04:07:52.815Z - Handled REQUEST_PROJECT_GRAPH. Handling time: 630. Response time: 3.
[NX Daemon Server] - 2024-01-22T04:07:52.927Z - Closed a connection. Number of open connections: 0
[NX Daemon Server] - 2024-01-22T04:08:46.719Z - Established a connection. Number of open connections: 1
[NX Daemon Server] - 2024-01-22T04:08:46.720Z - Closed a connection. Number of open connections: 0
[NX Daemon Server] - 2024-01-22T04:08:46.721Z - Established a connection. Number of open connections: 1
[NX Daemon Server] - 2024-01-22T04:08:46.725Z - [REQUEST]: Client Request for Project Graph Received
[NX Daemon Server] - 2024-01-22T04:08:46.725Z - [REQUEST]: Responding to the client. project-graph
[NX Daemon Server] - 2024-01-22T04:08:46.727Z - Time taken for 'total for creating and serializing project graph' 0.47870004177093506ms
[NX Daemon Server] - 2024-01-22T04:08:46.727Z - Done responding to the client project-graph
[NX Daemon Server] - 2024-01-22T04:08:46.727Z - Handled REQUEST_PROJECT_GRAPH. Handling time: 0. Response time: 2.
[NX Daemon Server] - 2024-01-22T04:08:46.785Z - [REQUEST]: Client Request for Project Graph Received
[NX Daemon Server] - 2024-01-22T04:08:46.785Z - [REQUEST]: Responding to the client. project-graph
[NX Daemon Server] - 2024-01-22T04:08:46.788Z - Time taken for 'total for creating and serializing project graph' 0.4662998914718628ms
[NX Daemon Server] - 2024-01-22T04:08:46.789Z - Done responding to the client project-graph
[NX Daemon Server] - 2024-01-22T04:08:46.789Z - Handled REQUEST_PROJECT_GRAPH. Handling time: 0. Response time: 4.
[NX Daemon Server] - 2024-01-22T04:08:46.816Z - [REQUEST]: Client Request for Project Graph Received
[NX Daemon Server] - 2024-01-22T04:08:46.816Z - [REQUEST]: Responding to the client. project-graph
[NX Daemon Server] - 2024-01-22T04:08:46.819Z - Time taken for 'total for creating and serializing project graph' 0.5910000801086426ms
[NX Daemon Server] - 2024-01-22T04:08:46.819Z - Done responding to the client project-graph
[NX Daemon Server] - 2024-01-22T04:08:46.819Z - Handled REQUEST_PROJECT_GRAPH. Handling time: 1. Response time: 3.
[NX Daemon Server] - 2024-01-22T04:08:46.890Z - Closed a connection. Number of open connections: 0
[NX Daemon Server] - 2024-01-22T04:08:48.393Z - Established a connection. Number of open connections: 1
[NX Daemon Server] - 2024-01-22T04:08:48.395Z - Closed a connection. Number of open connections: 0
[NX Daemon Server] - 2024-01-22T04:08:48.396Z - Established a connection. Number of open connections: 1
[NX Daemon Server] - 2024-01-22T04:08:48.400Z - [REQUEST]: Client Request for Project Graph Received
[NX Daemon Server] - 2024-01-22T04:08:48.401Z - [REQUEST]: Responding to the client. project-graph
[NX Daemon Server] - 2024-01-22T04:08:48.402Z - Time taken for 'total for creating and serializing project graph' 0.3194000720977783ms
[NX Daemon Server] - 2024-01-22T04:08:48.403Z - Done responding to the client project-graph
[NX Daemon Server] - 2024-01-22T04:08:48.403Z - Handled REQUEST_PROJECT_GRAPH. Handling time: 1. Response time: 2.
[NX Daemon Server] - 2024-01-22T04:08:48.470Z - [REQUEST]: Client Request for Project Graph Received
[NX Daemon Server] - 2024-01-22T04:08:48.471Z - [REQUEST]: Responding to the client. project-graph
[NX Daemon Server] - 2024-01-22T04:08:48.473Z - Time taken for 'total for creating and serializing project graph' 0.5496000051498413ms
[NX Daemon Server] - 2024-01-22T04:08:48.474Z - Done responding to the client project-graph
[NX Daemon Server] - 2024-01-22T04:08:48.474Z - Handled REQUEST_PROJECT_GRAPH. Handling time: 1. Response time: 3.
[NX Daemon Server] - 2024-01-22T04:08:48.506Z - [REQUEST]: Client Request for Project Graph Received
[NX Daemon Server] - 2024-01-22T04:08:48.506Z - [REQUEST]: Responding to the client. project-graph
[NX Daemon Server] - 2024-01-22T04:08:48.508Z - Time taken for 'total for creating and serializing project graph' 0.318600058555603ms
[NX Daemon Server] - 2024-01-22T04:08:48.508Z - Done responding to the client project-graph
[NX Daemon Server] - 2024-01-22T04:08:48.508Z - Handled REQUEST_PROJECT_GRAPH. Handling time: 0. Response time: 2.
[NX Daemon Server] - 2024-01-22T04:08:48.574Z - Closed a connection. Number of open connections: 0
[NX Daemon Server] - 2024-01-22T04:09:06.602Z - Established a connection. Number of open connections: 1
[NX Daemon Server] - 2024-01-22T04:09:06.603Z - Closed a connection. Number of open connections: 0
[NX Daemon Server] - 2024-01-22T04:09:06.604Z - Established a connection. Number of open connections: 1
[NX Daemon Server] - 2024-01-22T04:09:06.608Z - [REQUEST]: Client Request for Project Graph Received
[NX Daemon Server] - 2024-01-22T04:09:06.608Z - [REQUEST]: Responding to the client. project-graph
[NX Daemon Server] - 2024-01-22T04:09:06.610Z - Time taken for 'total for creating and serializing project graph' 0.4679999351501465ms
[NX Daemon Server] - 2024-01-22T04:09:06.610Z - Done responding to the client project-graph
[NX Daemon Server] - 2024-01-22T04:09:06.611Z - Handled REQUEST_PROJECT_GRAPH. Handling time: 0. Response time: 3.
[NX Daemon Server] - 2024-01-22T04:09:06.678Z - [REQUEST]: Client Request for Project Graph Received
[NX Daemon Server] - 2024-01-22T04:09:06.678Z - [REQUEST]: Responding to the client. project-graph
[NX Daemon Server] - 2024-01-22T04:09:06.681Z - Time taken for 'total for creating and serializing project graph' 0.41169989109039307ms
[NX Daemon Server] - 2024-01-22T04:09:06.682Z - Done responding to the client project-graph
[NX Daemon Server] - 2024-01-22T04:09:06.682Z - Handled REQUEST_PROJECT_GRAPH. Handling time: 0. Response time: 4.
[NX Daemon Server] - 2024-01-22T04:09:06.714Z - [REQUEST]: Client Request for Project Graph Received
[NX Daemon Server] - 2024-01-22T04:09:06.715Z - [REQUEST]: Responding to the client. project-graph
[NX Daemon Server] - 2024-01-22T04:09:06.718Z - Time taken for 'total for creating and serializing project graph' 0.5622999668121338ms
[NX Daemon Server] - 2024-01-22T04:09:06.718Z - Done responding to the client project-graph
[NX Daemon Server] - 2024-01-22T04:09:06.718Z - Handled REQUEST_PROJECT_GRAPH. Handling time: 1. Response time: 3.
[NX Daemon Server] - 2024-01-22T04:09:06.791Z - Closed a connection. Number of open connections: 0
[NX Daemon Server] - 2024-01-22T04:09:08.186Z - Established a connection. Number of open connections: 1
[NX Daemon Server] - 2024-01-22T04:09:08.187Z - Closed a connection. Number of open connections: 0
[NX Daemon Server] - 2024-01-22T04:09:08.188Z - Established a connection. Number of open connections: 1
[NX Daemon Server] - 2024-01-22T04:09:08.191Z - [REQUEST]: Client Request for Project Graph Received
[NX Daemon Server] - 2024-01-22T04:09:08.192Z - [REQUEST]: Responding to the client. project-graph
[NX Daemon Server] - 2024-01-22T04:09:08.193Z - Time taken for 'total for creating and serializing project graph' 0.23479998111724854ms
[NX Daemon Server] - 2024-01-22T04:09:08.194Z - Done responding to the client project-graph
[NX Daemon Server] - 2024-01-22T04:09:08.194Z - Handled REQUEST_PROJECT_GRAPH. Handling time: 1. Response time: 2.
[NX Daemon Server] - 2024-01-22T04:09:08.252Z - [REQUEST]: Client Request for Project Graph Received
[NX Daemon Server] - 2024-01-22T04:09:08.253Z - [REQUEST]: Responding to the client. project-graph
[NX Daemon Server] - 2024-01-22T04:09:08.256Z - Time taken for 'total for creating and serializing project graph' 0.7704000473022461ms
[NX Daemon Server] - 2024-01-22T04:09:08.262Z - Done responding to the client project-graph
[NX Daemon Server] - 2024-01-22T04:09:08.262Z - Handled REQUEST_PROJECT_GRAPH. Handling time: 1. Response time: 9.
[NX Daemon Server] - 2024-01-22T04:09:08.274Z - [REQUEST]: Client Request for Project Graph Received
[NX Daemon Server] - 2024-01-22T04:09:08.274Z - [REQUEST]: Responding to the client. project-graph
[NX Daemon Server] - 2024-01-22T04:09:08.276Z - Time taken for 'total for creating and serializing project graph' 0.3325999975204468ms
[NX Daemon Server] - 2024-01-22T04:09:08.276Z - Done responding to the client project-graph
[NX Daemon Server] - 2024-01-22T04:09:08.276Z - Handled REQUEST_PROJECT_GRAPH. Handling time: 0. Response time: 2.
[NX Daemon Server] - 2024-01-22T04:09:08.341Z - Closed a connection. Number of open connections: 0
[NX Daemon Server] - 2024-01-22T04:09:13.439Z - Established a connection. Number of open connections: 1
[NX Daemon Server] - 2024-01-22T04:09:13.440Z - Closed a connection. Number of open connections: 0
[NX Daemon Server] - 2024-01-22T04:09:13.440Z - Established a connection. Number of open connections: 1
[NX Daemon Server] - 2024-01-22T04:09:13.441Z - [REQUEST]: Client Request for Project Graph Received
[NX Daemon Server] - 2024-01-22T04:09:13.441Z - [REQUEST]: Responding to the client. project-graph
[NX Daemon Server] - 2024-01-22T04:09:13.442Z - Time taken for 'total for creating and serializing project graph' 0.19369995594024658ms
[NX Daemon Server] - 2024-01-22T04:09:13.443Z - Done responding to the client project-graph
[NX Daemon Server] - 2024-01-22T04:09:13.443Z - Handled REQUEST_PROJECT_GRAPH. Handling time: 0. Response time: 2.
[NX Daemon Server] - 2024-01-22T04:09:13.448Z - Closed a connection. Number of open connections: 0
[NX Daemon Server] - 2024-01-22T04:09:13.449Z - Established a connection. Number of open connections: 1
[NX Daemon Server] - 2024-01-22T04:09:13.449Z - Closed a connection. Number of open connections: 0
[NX Daemon Server] - 2024-01-22T04:09:13.450Z - Established a connection. Number of open connections: 1
[NX Daemon Server] - 2024-01-22T04:09:13.452Z - [REQUEST]: Responding to the client. handleRequestFileData
[NX Daemon Server] - 2024-01-22T04:09:13.452Z - Done responding to the client handleRequestFileData
[NX Daemon Server] - 2024-01-22T04:09:13.452Z - Handled REQUEST_FILE_DATA. Handling time: 2. Response time: 0.
[NX Daemon Server] - 2024-01-22T04:09:14.892Z - Established a connection. Number of open connections: 2
[NX Daemon Server] - 2024-01-22T04:09:14.893Z - Closed a connection. Number of open connections: 1
[NX Daemon Server] - 2024-01-22T04:09:14.894Z - Established a connection. Number of open connections: 2
[NX Daemon Server] - 2024-01-22T04:09:14.898Z - [REQUEST]: Client Request for Project Graph Received
[NX Daemon Server] - 2024-01-22T04:09:14.898Z - [REQUEST]: Responding to the client. project-graph
[NX Daemon Server] - 2024-01-22T04:09:14.900Z - Time taken for 'total for creating and serializing project graph' 0.3555999994277954ms
[NX Daemon Server] - 2024-01-22T04:09:14.900Z - Done responding to the client project-graph
[NX Daemon Server] - 2024-01-22T04:09:14.900Z - Handled REQUEST_PROJECT_GRAPH. Handling time: 0. Response time: 2.
[NX Daemon Server] - 2024-01-22T04:09:14.957Z - [REQUEST]: Client Request for Project Graph Received
[NX Daemon Server] - 2024-01-22T04:09:14.957Z - [REQUEST]: Responding to the client. project-graph
[NX Daemon Server] - 2024-01-22T04:09:14.960Z - Time taken for 'total for creating and serializing project graph' 0.3698999881744385ms
[NX Daemon Server] - 2024-01-22T04:09:14.960Z - Done responding to the client project-graph
[NX Daemon Server] - 2024-01-22T04:09:14.960Z - Handled REQUEST_PROJECT_GRAPH. Handling time: 0. Response time: 3.
[NX Daemon Server] - 2024-01-22T04:09:14.982Z - [REQUEST]: Client Request for Project Graph Received
[NX Daemon Server] - 2024-01-22T04:09:14.983Z - [REQUEST]: Responding to the client. project-graph
[NX Daemon Server] - 2024-01-22T04:09:14.984Z - Time taken for 'total for creating and serializing project graph' 0.32340002059936523ms
[NX Daemon Server] - 2024-01-22T04:09:14.984Z - Done responding to the client project-graph
[NX Daemon Server] - 2024-01-22T04:09:14.984Z - Handled REQUEST_PROJECT_GRAPH. Handling time: 0. Response time: 2.
[NX Daemon Server] - 2024-01-22T04:09:15.050Z - Closed a connection. Number of open connections: 1
[NX Daemon Server] - 2024-01-22T04:10:07.867Z - [WATCHER]: Processing file changes in outputs
[NX Daemon Server] - 2024-01-22T04:10:07.869Z - [WATCHER]: nx.json was modified
[NX Daemon Server] - 2024-01-22T04:10:07.978Z - [REQUEST]: Updated workspace context based on watched changes, recomputing project graph...
[NX Daemon Server] - 2024-01-22T04:10:07.978Z - [REQUEST]: nx.json
[NX Daemon Server] - 2024-01-22T04:10:07.978Z - [REQUEST]: 
[NX Daemon Server] - 2024-01-22T04:10:08.039Z - Time taken for 'hash changed files from watcher' 1.4638999700546265ms
[NX Daemon Server] - 2024-01-22T04:10:20.050Z - [WATCHER]: nx.json was modified
[NX Daemon Server] - 2024-01-22T04:10:20.051Z - [WATCHER]: Processing file changes in outputs
[NX Daemon Server] - 2024-01-22T04:10:20.253Z - [REQUEST]: Updated workspace context based on watched changes, recomputing project graph...
[NX Daemon Server] - 2024-01-22T04:10:20.253Z - [REQUEST]: nx.json
[NX Daemon Server] - 2024-01-22T04:10:20.253Z - [REQUEST]: 
[NX Daemon Server] - 2024-01-22T04:10:20.301Z - Time taken for 'hash changed files from watcher' 0.8417999744415283ms
[NX Daemon Server] - 2024-01-22T04:10:22.788Z - [WATCHER]: nx.json was modified
[NX Daemon Server] - 2024-01-22T04:10:22.788Z - [WATCHER]: Processing file changes in outputs
[NX Daemon Server] - 2024-01-22T04:10:23.195Z - [REQUEST]: Updated workspace context based on watched changes, recomputing project graph...
[NX Daemon Server] - 2024-01-22T04:10:23.195Z - [REQUEST]: nx.json
[NX Daemon Server] - 2024-01-22T04:10:23.195Z - [REQUEST]: 
[NX Daemon Server] - 2024-01-22T04:10:23.257Z - Time taken for 'hash changed files from watcher' 0.7806000709533691ms
[NX Daemon Server] - 2024-01-22T04:10:25.654Z - [WATCHER]: Processing file changes in outputs
[NX Daemon Server] - 2024-01-22T04:10:25.655Z - [WATCHER]: nx.json was modified
[NX Daemon Server] - 2024-01-22T04:10:26.463Z - [REQUEST]: Updated workspace context based on watched changes, recomputing project graph...
[NX Daemon Server] - 2024-01-22T04:10:26.463Z - [REQUEST]: nx.json
[NX Daemon Server] - 2024-01-22T04:10:26.463Z - [REQUEST]: 
[NX Daemon Server] - 2024-01-22T04:10:26.526Z - Time taken for 'hash changed files from watcher' 0.8329000473022461ms
[NX Daemon Server] - 2024-01-22T04:10:29.083Z - [WATCHER]: nx.json was modified
[NX Daemon Server] - 2024-01-22T04:10:29.083Z - [WATCHER]: Processing file changes in outputs
[NX Daemon Server] - 2024-01-22T04:10:30.687Z - [REQUEST]: Updated workspace context based on watched changes, recomputing project graph...
[NX Daemon Server] - 2024-01-22T04:10:30.687Z - [REQUEST]: nx.json
[NX Daemon Server] - 2024-01-22T04:10:30.687Z - [REQUEST]: 
[NX Daemon Server] - 2024-01-22T04:10:30.736Z - Time taken for 'hash changed files from watcher' 0.8973000049591064ms
[NX Daemon Server] - 2024-01-22T04:10:35.548Z - [WATCHER]: Processing file changes in outputs
[NX Daemon Server] - 2024-01-22T04:10:35.550Z - [WATCHER]: nx.json was modified
[NX Daemon Server] - 2024-01-22T04:10:37.342Z - [WATCHER]: Processing file changes in outputs
[NX Daemon Server] - 2024-01-22T04:10:37.343Z - [WATCHER]: nx.json was modified
[NX Daemon Server] - 2024-01-22T04:10:38.758Z - [REQUEST]: Updated workspace context based on watched changes, recomputing project graph...
[NX Daemon Server] - 2024-01-22T04:10:38.759Z - [REQUEST]: nx.json
[NX Daemon Server] - 2024-01-22T04:10:38.759Z - [REQUEST]: 
[NX Daemon Server] - 2024-01-22T04:10:38.813Z - Time taken for 'hash changed files from watcher' 1.1180999279022217ms
[NX Daemon Server] - 2024-01-22T04:11:17.505Z - [WATCHER]: Processing file changes in outputs
[NX Daemon Server] - 2024-01-22T04:11:17.506Z - [WATCHER]: nx.json was modified
[NX Daemon Server] - 2024-01-22T04:11:19.551Z - [WATCHER]: nx.json was modified
[NX Daemon Server] - 2024-01-22T04:11:19.551Z - [WATCHER]: Processing file changes in outputs
[NX Daemon Server] - 2024-01-22T04:11:23.191Z - [WATCHER]: nx.json was modified
[NX Daemon Server] - 2024-01-22T04:11:23.191Z - [WATCHER]: Processing file changes in outputs
[NX Daemon Server] - 2024-01-22T04:11:23.920Z - [REQUEST]: Updated workspace context based on watched changes, recomputing project graph...
[NX Daemon Server] - 2024-01-22T04:11:23.920Z - [REQUEST]: nx.json
[NX Daemon Server] - 2024-01-22T04:11:23.920Z - [REQUEST]: 
[NX Daemon Server] - 2024-01-22T04:11:23.976Z - Time taken for 'hash changed files from watcher' 0.7913000583648682ms
[NX Daemon Server] - 2024-01-22T04:11:24.654Z - [WATCHER]: Processing file changes in outputs
[NX Daemon Server] - 2024-01-22T04:11:24.655Z - [WATCHER]: nx.json was modified
[NX Daemon Server] - 2024-01-22T04:11:31.064Z - [REQUEST]: Updated workspace context based on watched changes, recomputing project graph...
[NX Daemon Server] - 2024-01-22T04:11:31.064Z - [REQUEST]: nx.json
[NX Daemon Server] - 2024-01-22T04:11:31.064Z - [REQUEST]: 
[NX Daemon Server] - 2024-01-22T04:11:31.136Z - Time taken for 'hash changed files from watcher' 0.9217000007629395ms
[NX Daemon Server] - 2024-01-22T04:11:57.071Z - [REQUEST]: Client Request for Project Graph Received
[NX Daemon Server] - 2024-01-22T04:11:57.072Z - [REQUEST]: Responding to the client. project-graph
[NX Daemon Server] - 2024-01-22T04:11:57.073Z - Time taken for 'total for creating and serializing project graph' 0.20869994163513184ms
[NX Daemon Server] - 2024-01-22T04:11:57.073Z - Done responding to the client project-graph
[NX Daemon Server] - 2024-01-22T04:11:57.073Z - Handled REQUEST_PROJECT_GRAPH. Handling time: 1. Response time: 1.
[NX Daemon Server] - 2024-01-22T04:11:57.078Z - Closed a connection. Number of open connections: 0
[NX Daemon Server] - 2024-01-22T04:11:57.079Z - Established a connection. Number of open connections: 1
[NX Daemon Server] - 2024-01-22T04:11:57.079Z - Closed a connection. Number of open connections: 0
[NX Daemon Server] - 2024-01-22T04:11:57.079Z - Established a connection. Number of open connections: 1
[NX Daemon Server] - 2024-01-22T04:11:57.081Z - [REQUEST]: Responding to the client. handleRequestFileData
[NX Daemon Server] - 2024-01-22T04:11:57.081Z - Done responding to the client handleRequestFileData
[NX Daemon Server] - 2024-01-22T04:11:57.081Z - Handled REQUEST_FILE_DATA. Handling time: 1. Response time: 0.
[NX Daemon Server] - 2024-01-22T04:11:58.729Z - Established a connection. Number of open connections: 2
[NX Daemon Server] - 2024-01-22T04:11:58.730Z - Closed a connection. Number of open connections: 1
[NX Daemon Server] - 2024-01-22T04:11:58.731Z - Established a connection. Number of open connections: 2
[NX Daemon Server] - 2024-01-22T04:11:58.735Z - [REQUEST]: Client Request for Project Graph Received
[NX Daemon Server] - 2024-01-22T04:11:58.735Z - [REQUEST]: Responding to the client. project-graph
[NX Daemon Server] - 2024-01-22T04:11:58.736Z - Time taken for 'total for creating and serializing project graph' 0.2796999216079712ms
[NX Daemon Server] - 2024-01-22T04:11:58.737Z - Done responding to the client project-graph
[NX Daemon Server] - 2024-01-22T04:11:58.737Z - Handled REQUEST_PROJECT_GRAPH. Handling time: 0. Response time: 2.
[NX Daemon Server] - 2024-01-22T04:11:58.794Z - [REQUEST]: Client Request for Project Graph Received
[NX Daemon Server] - 2024-01-22T04:11:58.794Z - [REQUEST]: Responding to the client. project-graph
[NX Daemon Server] - 2024-01-22T04:11:58.796Z - Time taken for 'total for creating and serializing project graph' 0.36489999294281006ms
[NX Daemon Server] - 2024-01-22T04:11:58.797Z - Done responding to the client project-graph
[NX Daemon Server] - 2024-01-22T04:11:58.797Z - Handled REQUEST_PROJECT_GRAPH. Handling time: 0. Response time: 3.
[NX Daemon Server] - 2024-01-22T04:11:58.817Z - [REQUEST]: Client Request for Project Graph Received
[NX Daemon Server] - 2024-01-22T04:11:58.817Z - [REQUEST]: Responding to the client. project-graph
[NX Daemon Server] - 2024-01-22T04:11:58.819Z - Time taken for 'total for creating and serializing project graph' 0.36629998683929443ms
[NX Daemon Server] - 2024-01-22T04:11:58.819Z - Done responding to the client project-graph
[NX Daemon Server] - 2024-01-22T04:11:58.819Z - Handled REQUEST_PROJECT_GRAPH. Handling time: 0. Response time: 2.
[NX Daemon Server] - 2024-01-22T04:11:58.917Z - [REQUEST]: Responding to the client. handleRequestFileData
[NX Daemon Server] - 2024-01-22T04:11:58.917Z - Done responding to the client handleRequestFileData
[NX Daemon Server] - 2024-01-22T04:11:58.917Z - Handled REQUEST_FILE_DATA. Handling time: 3. Response time: 0.
[NX Daemon Server] - 2024-01-22T04:11:59.246Z - Closed a connection. Number of open connections: 1
[NX Daemon Server] - 2024-01-22T04:12:47.641Z - Established a connection. Number of open connections: 2
[NX Daemon Server] - 2024-01-22T04:12:47.642Z - Closed a connection. Number of open connections: 1
[NX Daemon Server] - 2024-01-22T04:12:47.643Z - Established a connection. Number of open connections: 2
[NX Daemon Server] - 2024-01-22T04:12:47.648Z - [REQUEST]: Client Request for Project Graph Received
[NX Daemon Server] - 2024-01-22T04:12:47.648Z - [REQUEST]: Responding to the client. project-graph
[NX Daemon Server] - 2024-01-22T04:12:47.649Z - Time taken for 'total for creating and serializing project graph' 0.2480999231338501ms
[NX Daemon Server] - 2024-01-22T04:12:47.650Z - Done responding to the client project-graph
[NX Daemon Server] - 2024-01-22T04:12:47.650Z - Handled REQUEST_PROJECT_GRAPH. Handling time: 0. Response time: 2.
[NX Daemon Server] - 2024-01-22T04:12:47.784Z - [REQUEST]: Responding to the client. handleHashTasks
[NX Daemon Server] - 2024-01-22T04:12:47.785Z - Done responding to the client handleHashTasks
[NX Daemon Server] - 2024-01-22T04:12:47.785Z - Handled HASH_TASKS. Handling time: 30. Response time: 1.
[NX Daemon Server] - 2024-01-22T04:12:52.306Z - [WATCHER]: Processing file changes in outputs
[NX Daemon Server] - 2024-01-22T04:12:52.308Z - [WATCHER]: 5 file(s) created or restored, 0 file(s) modified, 5 file(s) deleted
[NX Daemon Server] - 2024-01-22T04:12:52.416Z - [REQUEST]: Updated workspace context based on watched changes, recomputing project graph...
[NX Daemon Server] - 2024-01-22T04:12:52.416Z - [REQUEST]: dist/intermediates/ASP.NET/Models/obj/project.nuget.cache,dist/intermediates/ASP.NET/Models/obj/Models.csproj.nuget.g.props,dist/intermediates/ASP.NET/Models/obj/Models.csproj.nuget.g.targets,dist/intermediates/ASP.NET/Models/obj/Models.csproj.nuget.dgspec.json,dist/intermediates/ASP.NET/Models/obj/project.assets.json
[NX Daemon Server] - 2024-01-22T04:12:52.416Z - [REQUEST]: dist/intermediates/ASP.NET/Models/obj/7d3476f3-c333-4f64-94d6-0c77a3503774.tmp,dist/intermediates/ASP.NET/Models/obj/aeb7835d-149a-4204-bdb9-a5b4df6ae681.tmp,dist/intermediates/ASP.NET/Models/obj/08aa04c7-e98f-4149-aefc-0ae689323e6d.tmp,dist/intermediates/ASP.NET/Models/obj/cde31d4a-0f66-441a-85c9-2dbc7485b480.tmp,dist/intermediates/ASP.NET/Models/obj/821d2d80-788f-42b9-a7c2-fa7a48783589.tmp
[NX Daemon Server] - 2024-01-22T04:12:52.532Z - [WATCHER]: 2 file(s) created or restored, 0 file(s) modified, 0 file(s) deleted
[NX Daemon Server] - 2024-01-22T04:12:52.533Z - [WATCHER]: Processing file changes in outputs
[NX Daemon Server] - 2024-01-22T04:12:52.533Z - Time taken for 'hash changed files from watcher' 1.9875999689102173ms
[NX Daemon Server] - 2024-01-22T04:12:52.637Z - [REQUEST]: Updated workspace context based on watched changes, recomputing project graph...
[NX Daemon Server] - 2024-01-22T04:12:52.637Z - [REQUEST]: dist/intermediates/ASP.NET/Models/obj/net8.0/Models.GlobalUsings.g.cs,dist/intermediates/ASP.NET/Models/obj/net8.0/Models.assets.cache
[NX Daemon Server] - 2024-01-22T04:12:52.637Z - [REQUEST]: 
[NX Daemon Server] - 2024-01-22T04:12:52.771Z - Time taken for 'hash changed files from watcher' 2.2106000185012817ms
[NX Daemon Server] - 2024-01-22T04:12:52.912Z - [WATCHER]: 2 file(s) created or restored, 0 file(s) modified, 0 file(s) deleted
[NX Daemon Server] - 2024-01-22T04:12:52.913Z - [WATCHER]: Processing file changes in outputs
[NX Daemon Server] - 2024-01-22T04:12:53.107Z - [REQUEST]: Updated workspace context based on watched changes, recomputing project graph...
[NX Daemon Server] - 2024-01-22T04:12:53.108Z - [REQUEST]: dist/intermediates/ASP.NET/Models/obj/net8.0/Models.GeneratedMSBuildEditorConfig.editorconfig,dist/intermediates/ASP.NET/Models/obj/net8.0/.NETCoreApp,Version=v8.0.AssemblyAttributes.cs
[NX Daemon Server] - 2024-01-22T04:12:53.108Z - [REQUEST]: 
[NX Daemon Server] - 2024-01-22T04:12:53.546Z - [WATCHER]: Processing file changes in outputs
[NX Daemon Server] - 2024-01-22T04:12:53.547Z - [WATCHER]: Processing file changes in outputs
[NX Daemon Server] - 2024-01-22T04:12:53.548Z - [WATCHER]: Processing file changes in outputs
[NX Daemon Server] - 2024-01-22T04:12:53.548Z - [WATCHER]: Processing file changes in outputs
[NX Daemon Server] - 2024-01-22T04:12:53.549Z - [WATCHER]: 3 file(s) created or restored, 0 file(s) modified, 0 file(s) deleted
[NX Daemon Server] - 2024-01-22T04:12:53.552Z - [WATCHER]: dist/intermediates/ASP.NET/Models/obj/net8.0/Models.sourcelink.json was created or restored
[NX Daemon Server] - 2024-01-22T04:12:53.553Z - Time taken for 'hash changed files from watcher' 2.2480000257492065ms
[NX Daemon Server] - 2024-01-22T04:12:53.814Z - [REQUEST]: Updated workspace context based on watched changes, recomputing project graph...
[NX Daemon Server] - 2024-01-22T04:12:53.814Z - [REQUEST]: dist/intermediates/ASP.NET/Models/obj/net8.0/Models.csproj.CoreCompileInputs.cache,dist/intermediates/ASP.NET/Models/obj/net8.0/Models.AssemblyInfoInputs.cache,dist/intermediates/ASP.NET/Models/obj/net8.0/Models.AssemblyInfo.cs,dist/intermediates/ASP.NET/Models/obj/net8.0/Models.sourcelink.json
[NX Daemon Server] - 2024-01-22T04:12:53.814Z - [REQUEST]: 
[NX Daemon Server] - 2024-01-22T04:12:54.436Z - Time taken for 'hash changed files from watcher' 105.4210000038147ms
[NX Daemon Server] - 2024-01-22T04:13:07.975Z - [WATCHER]: Processing file changes in outputs
[NX Daemon Server] - 2024-01-22T04:13:07.977Z - [WATCHER]: dist/intermediates/ASP.NET/Models/obj/net8.0/Models.csproj.FileListAbsolute.txt was created or restored
[NX Daemon Server] - 2024-01-22T04:13:07.998Z - [REQUEST]: Responding to the client. recordOutputsHash
[NX Daemon Server] - 2024-01-22T04:13:07.999Z - Done responding to the client recordOutputsHash
[NX Daemon Server] - 2024-01-22T04:13:07.999Z - Handled RECORD_OUTPUTS_HASH. Handling time: 2. Response time: 1.
[NX Daemon Server] - 2024-01-22T04:13:08.086Z - [REQUEST]: Updated workspace context based on watched changes, recomputing project graph...
[NX Daemon Server] - 2024-01-22T04:13:08.086Z - [REQUEST]: dist/intermediates/ASP.NET/Models/obj/net8.0/Models.csproj.FileListAbsolute.txt
[NX Daemon Server] - 2024-01-22T04:13:08.086Z - [REQUEST]: 
[NX Daemon Server] - 2024-01-22T04:13:08.153Z - Time taken for 'hash changed files from watcher' 2.7300000190734863ms
[NX Daemon Server] - 2024-01-22T04:13:09.057Z - [REQUEST]: Responding to the client. PROCESS_IN_BACKGROUND
[NX Daemon Server] - 2024-01-22T04:13:09.058Z - Uploading file artifacts
[NX Daemon Server] - 2024-01-22T04:13:09.059Z - Done uploading file artifacts
[NX Daemon Server] - 2024-01-22T04:13:09.059Z - Sending EndRun request
[NX Daemon Server] - 2024-01-22T04:13:09.067Z - Done responding to the client PROCESS_IN_BACKGROUND
[NX Daemon Server] - 2024-01-22T04:13:09.068Z - Handled PROCESS_IN_BACKGROUND. Handling time: 842. Response time: 11.
[NX Daemon Server] - 2024-01-22T04:13:09.336Z - Closed a connection. Number of open connections: 1
[NX Daemon Server] - 2024-01-22T04:13:09.537Z - Done sending EndRun request
[NX Daemon Server] - 2024-01-22T04:15:04.527Z - [WATCHER]: Processing file changes in outputs
[NX Daemon Server] - 2024-01-22T04:16:48.825Z - Established a connection. Number of open connections: 2
[NX Daemon Server] - 2024-01-22T04:16:48.826Z - Closed a connection. Number of open connections: 1
[NX Daemon Server] - 2024-01-22T04:16:48.827Z - Established a connection. Number of open connections: 2
[NX Daemon Server] - 2024-01-22T04:16:48.831Z - [REQUEST]: Client Request for Project Graph Received
[NX Daemon Server] - 2024-01-22T04:16:48.831Z - [REQUEST]: Responding to the client. project-graph
[NX Daemon Server] - 2024-01-22T04:16:48.833Z - Time taken for 'total for creating and serializing project graph' 0.29159998893737793ms
[NX Daemon Server] - 2024-01-22T04:16:48.833Z - Done responding to the client project-graph
[NX Daemon Server] - 2024-01-22T04:16:48.833Z - Handled REQUEST_PROJECT_GRAPH. Handling time: 0. Response time: 2.
[NX Daemon Server] - 2024-01-22T04:16:49.061Z - Closed a connection. Number of open connections: 1
[NX Daemon Server] - 2024-01-22T04:16:52.612Z - Established a connection. Number of open connections: 2
[NX Daemon Server] - 2024-01-22T04:16:52.612Z - Closed a connection. Number of open connections: 1
[NX Daemon Server] - 2024-01-22T04:16:52.613Z - Established a connection. Number of open connections: 2
[NX Daemon Server] - 2024-01-22T04:16:52.616Z - [REQUEST]: Client Request for Project Graph Received
[NX Daemon Server] - 2024-01-22T04:16:52.617Z - [REQUEST]: Responding to the client. project-graph
[NX Daemon Server] - 2024-01-22T04:16:52.618Z - Time taken for 'total for creating and serializing project graph' 0.31060004234313965ms
[NX Daemon Server] - 2024-01-22T04:16:52.618Z - Done responding to the client project-graph
[NX Daemon Server] - 2024-01-22T04:16:52.618Z - Handled REQUEST_PROJECT_GRAPH. Handling time: 1. Response time: 1.
[NX Daemon Server] - 2024-01-22T04:16:52.905Z - Closed a connection. Number of open connections: 1
[NX Daemon Server] - 2024-01-22T04:17:38.867Z - Established a connection. Number of open connections: 2
[NX Daemon Server] - 2024-01-22T04:17:38.868Z - Closed a connection. Number of open connections: 1
[NX Daemon Server] - 2024-01-22T04:17:38.870Z - Established a connection. Number of open connections: 2
[NX Daemon Server] - 2024-01-22T04:17:38.874Z - [REQUEST]: Client Request for Project Graph Received
[NX Daemon Server] - 2024-01-22T04:17:38.874Z - [REQUEST]: Responding to the client. project-graph
[NX Daemon Server] - 2024-01-22T04:17:38.876Z - Time taken for 'total for creating and serializing project graph' 0.33459997177124023ms
[NX Daemon Server] - 2024-01-22T04:17:38.876Z - Done responding to the client project-graph
[NX Daemon Server] - 2024-01-22T04:17:38.877Z - Handled REQUEST_PROJECT_GRAPH. Handling time: 0. Response time: 3.
[NX Daemon Server] - 2024-01-22T04:17:39.176Z - Closed a connection. Number of open connections: 1
[NX Daemon Server] - 2024-01-22T04:17:53.802Z - Established a connection. Number of open connections: 2
[NX Daemon Server] - 2024-01-22T04:17:53.803Z - Closed a connection. Number of open connections: 1
[NX Daemon Server] - 2024-01-22T04:17:53.804Z - Established a connection. Number of open connections: 2
[NX Daemon Server] - 2024-01-22T04:17:53.808Z - [REQUEST]: Client Request for Project Graph Received
[NX Daemon Server] - 2024-01-22T04:17:53.808Z - [REQUEST]: Responding to the client. project-graph
[NX Daemon Server] - 2024-01-22T04:17:53.809Z - Time taken for 'total for creating and serializing project graph' 0.2437000274658203ms
[NX Daemon Server] - 2024-01-22T04:17:53.809Z - Done responding to the client project-graph
[NX Daemon Server] - 2024-01-22T04:17:53.809Z - Handled REQUEST_PROJECT_GRAPH. Handling time: 0. Response time: 1.
[NX Daemon Server] - 2024-01-22T04:17:54.035Z - Closed a connection. Number of open connections: 1
[NX Daemon Server] - 2024-01-22T04:18:11.635Z - Established a connection. Number of open connections: 2
[NX Daemon Server] - 2024-01-22T04:18:11.636Z - Closed a connection. Number of open connections: 1
[NX Daemon Server] - 2024-01-22T04:18:11.638Z - Established a connection. Number of open connections: 2
[NX Daemon Server] - 2024-01-22T04:18:11.641Z - [REQUEST]: Client Request for Project Graph Received
[NX Daemon Server] - 2024-01-22T04:18:11.641Z - [REQUEST]: Responding to the client. project-graph
[NX Daemon Server] - 2024-01-22T04:18:11.642Z - Time taken for 'total for creating and serializing project graph' 0.24949991703033447ms
[NX Daemon Server] - 2024-01-22T04:18:11.643Z - Done responding to the client project-graph
[NX Daemon Server] - 2024-01-22T04:18:11.643Z - Handled REQUEST_PROJECT_GRAPH. Handling time: 0. Response time: 2.
[NX Daemon Server] - 2024-01-22T04:18:11.862Z - Closed a connection. Number of open connections: 1
[NX Daemon Server] - 2024-01-22T04:19:01.227Z - Established a connection. Number of open connections: 2
[NX Daemon Server] - 2024-01-22T04:19:01.227Z - Closed a connection. Number of open connections: 1
[NX Daemon Server] - 2024-01-22T04:19:01.229Z - Established a connection. Number of open connections: 2
[NX Daemon Server] - 2024-01-22T04:19:01.232Z - [REQUEST]: Client Request for Project Graph Received
[NX Daemon Server] - 2024-01-22T04:19:01.232Z - [REQUEST]: Responding to the client. project-graph
[NX Daemon Server] - 2024-01-22T04:19:01.233Z - Time taken for 'total for creating and serializing project graph' 0.23319995403289795ms
[NX Daemon Server] - 2024-01-22T04:19:01.234Z - Done responding to the client project-graph
[NX Daemon Server] - 2024-01-22T04:19:01.234Z - Handled REQUEST_PROJECT_GRAPH. Handling time: 0. Response time: 2.
[NX Daemon Server] - 2024-01-22T04:19:01.480Z - Closed a connection. Number of open connections: 1
[NX Daemon Server] - 2024-01-22T04:20:16.216Z - Established a connection. Number of open connections: 2
[NX Daemon Server] - 2024-01-22T04:20:16.217Z - Closed a connection. Number of open connections: 1
[NX Daemon Server] - 2024-01-22T04:20:16.218Z - Established a connection. Number of open connections: 2
[NX Daemon Server] - 2024-01-22T04:20:16.221Z - [REQUEST]: Client Request for Project Graph Received
[NX Daemon Server] - 2024-01-22T04:20:16.222Z - [REQUEST]: Responding to the client. project-graph
[NX Daemon Server] - 2024-01-22T04:20:16.224Z - Time taken for 'total for creating and serializing project graph' 0.2740999460220337ms
[NX Daemon Server] - 2024-01-22T04:20:16.224Z - Done responding to the client project-graph
[NX Daemon Server] - 2024-01-22T04:20:16.224Z - Handled REQUEST_PROJECT_GRAPH. Handling time: 1. Response time: 2.
[NX Daemon Server] - 2024-01-22T04:20:16.469Z - Closed a connection. Number of open connections: 1
[NX Daemon Server] - 2024-01-22T04:24:37.436Z - Closed a connection. Number of open connections: 0
